<?xml version="1.0" encoding="UTF-8"?>
<testng-results ignored="0" total="1" passed="1" failed="0" skipped="0">
  <reporter-output>
    <line>
      <![CDATA[open browser]]>
    </line>
    <line>
      <![CDATA[login]]>
    </line>
    <line>
      <![CDATA[homePage]]>
    </line>
    <line>
      <![CDATA[logout]]>
    </line>
    <line>
      <![CDATA[closebrowser]]>
    </line>
  </reporter-output>
  <suite started-at="2023-09-13T16:01:18 IST" name="Default suite" finished-at="2023-09-13T16:02:58 IST" duration-ms="100481">
    <groups>
    </groups>
    <test started-at="2023-09-13T16:01:18 IST" name="Default test" finished-at="2023-09-13T16:02:58 IST" duration-ms="100481">
      <class name="com.zohocrm.testscript.HomePage">
        <test-method is-config="true" signature="openBrowser()[pri:0, instance:com.zohocrm.testscript.HomePage@6572421]" started-at="2023-09-13T16:01:18 IST" name="openBrowser" finished-at="2023-09-13T16:02:46 IST" duration-ms="88443" status="PASS">
          <reporter-output>
            <line>
              <![CDATA[open browser]]>
            </line>
          </reporter-output>
        </test-method> <!-- openBrowser -->
        <test-method is-config="true" signature="login()[pri:0, instance:com.zohocrm.testscript.HomePage@6572421]" started-at="2023-09-13T16:02:46 IST" name="login" finished-at="2023-09-13T16:02:53 IST" duration-ms="7006" status="PASS">
          <reporter-output>
            <line>
              <![CDATA[login]]>
            </line>
          </reporter-output>
        </test-method> <!-- login -->
        <test-method signature="testHomePage()[pri:0, instance:com.zohocrm.testscript.HomePage@6572421]" started-at="2023-09-13T16:02:53 IST" name="testHomePage" finished-at="2023-09-13T16:02:54 IST" duration-ms="198" status="PASS">
          <reporter-output>
            <line>
              <![CDATA[homePage]]>
            </line>
          </reporter-output>
        </test-method> <!-- testHomePage -->
        <test-method is-config="true" signature="logout()[pri:0, instance:com.zohocrm.testscript.HomePage@6572421]" started-at="2023-09-13T16:02:54 IST" name="logout" finished-at="2023-09-13T16:02:54 IST" duration-ms="1" status="PASS">
          <reporter-output>
            <line>
              <![CDATA[logout]]>
            </line>
          </reporter-output>
        </test-method> <!-- logout -->
        <test-method is-config="true" signature="closeBrowser()[pri:0, instance:com.zohocrm.testscript.HomePage@6572421]" started-at="2023-09-13T16:02:54 IST" name="closeBrowser" finished-at="2023-09-13T16:02:58 IST" duration-ms="4695" status="PASS">
          <reporter-output>
            <line>
              <![CDATA[closebrowser]]>
            </line>
          </reporter-output>
        </test-method> <!-- closeBrowser -->
      </class> <!-- com.zohocrm.testscript.HomePage -->
    </test> <!-- Default test -->
  </suite> <!-- Default suite -->
</testng-results>
